c:\users\qustj\desktop\study\51th_c++\51th_c++\x64\debug\vc143.pdb
c:\users\qustj\desktop\study\51th_c++\51th_c++\x64\debug\vc143.idb
c:\users\qustj\desktop\study\51th_c++\51th_c++\x64\debug\str.obj
c:\users\qustj\desktop\study\51th_c++\51th_c++\x64\debug\main24.obj
c:\users\qustj\desktop\study\51th_c++\51th_c++\x64\debug\51th_c++.ilk
c:\users\qustj\desktop\study\51th_c++\x64\debug\51th_c++.exe
c:\users\qustj\desktop\study\51th_c++\x64\debug\51th_c++.pdb
c:\users\qustj\desktop\study\51th_c++\51th_c++\x64\debug\darr.obj
c:\users\qustj\desktop\study\51th_c++\51th_c++\x64\debug\exam.obj
c:\users\qustj\desktop\study\51th_c++\51th_c++\x64\debug\exam2.obj
c:\users\qustj\desktop\study\51th_c++\51th_c++\x64\debug\exercise-main4.obj
c:\users\qustj\desktop\study\51th_c++\51th_c++\x64\debug\exercise-main5,6.obj
c:\users\qustj\desktop\study\51th_c++\51th_c++\x64\debug\exercise2.obj
c:\users\qustj\desktop\study\51th_c++\51th_c++\x64\debug\exercise3.obj
c:\users\qustj\desktop\study\51th_c++\51th_c++\x64\debug\exercise_book.obj
c:\users\qustj\desktop\study\51th_c++\51th_c++\x64\debug\inout.obj
c:\users\qustj\desktop\study\51th_c++\51th_c++\x64\debug\linkedlist.obj
c:\users\qustj\desktop\study\51th_c++\51th_c++\x64\debug\lotto.obj
c:\users\qustj\desktop\study\51th_c++\51th_c++\x64\debug\main11.obj
c:\users\qustj\desktop\study\51th_c++\51th_c++\x64\debug\main12.obj
c:\users\qustj\desktop\study\51th_c++\51th_c++\x64\debug\main13.obj
c:\users\qustj\desktop\study\51th_c++\51th_c++\x64\debug\main15.obj
c:\users\qustj\desktop\study\51th_c++\51th_c++\x64\debug\main16.obj
c:\users\qustj\desktop\study\51th_c++\51th_c++\x64\debug\main2.obj
c:\users\qustj\desktop\study\51th_c++\51th_c++\x64\debug\main21.obj
c:\users\qustj\desktop\study\51th_c++\51th_c++\x64\debug\main22.obj
c:\users\qustj\desktop\study\51th_c++\51th_c++\x64\debug\main23.obj
c:\users\qustj\desktop\study\51th_c++\51th_c++\x64\debug\main3.obj
c:\users\qustj\desktop\study\51th_c++\51th_c++\x64\debug\main6.obj
c:\users\qustj\desktop\study\51th_c++\51th_c++\x64\debug\main7.obj
c:\users\qustj\desktop\study\51th_c++\51th_c++\x64\debug\math.obj
c:\users\qustj\desktop\study\51th_c++\51th_c++\x64\debug\exam2.obj.enc
c:\users\qustj\desktop\study\51th_c++\51th_c++\x64\debug\exercise-main4.obj.enc
c:\users\qustj\desktop\study\51th_c++\51th_c++\x64\debug\exercise2.obj.enc
c:\users\qustj\desktop\study\51th_c++\51th_c++\x64\debug\exercise3.obj.enc
c:\users\qustj\desktop\study\51th_c++\51th_c++\x64\debug\main.obj.enc
c:\users\qustj\desktop\study\51th_c++\51th_c++\x64\debug\51th_c++.tlog\cl.command.1.tlog
c:\users\qustj\desktop\study\51th_c++\51th_c++\x64\debug\51th_c++.tlog\cl.items.tlog
c:\users\qustj\desktop\study\51th_c++\51th_c++\x64\debug\51th_c++.tlog\cl.read.1.tlog
c:\users\qustj\desktop\study\51th_c++\51th_c++\x64\debug\51th_c++.tlog\cl.write.1.tlog
c:\users\qustj\desktop\study\51th_c++\51th_c++\x64\debug\51th_c++.tlog\link.command.1.tlog
c:\users\qustj\desktop\study\51th_c++\51th_c++\x64\debug\51th_c++.tlog\link.read.1.tlog
c:\users\qustj\desktop\study\51th_c++\51th_c++\x64\debug\51th_c++.tlog\link.write.1.tlog
